<?xml version="1.0" encoding="UTF-8"?>
<!-- Generated by org.testng.reporters.JUnitXMLReporter -->
<testsuite hostname="administ-PC" ignored="2" name="Test" tests="27" failures="0" timestamp="14 May 2018 16:36:36 GMT" time="0.709" errors="0">
  <testcase name="@BeforeTest setup" time="0.123" classname="Amazon.QA.Testcase.Card_page_Functions">
    <failure type="java.lang.NullPointerException">
      <![CDATA[java.lang.NullPointerException
at Amezon.qa.util.Test_Base.Highlight_Element(Test_Base.java:132)
at Amezon.qa.util.Test_Base.Findwebelement(Test_Base.java:124)
at Amezon.qa.util.Test_Base.Move_ToElement(Test_Base.java:196)
at Amazon.QA.Testcase.Card_page_Functions.setup(Card_page_Functions.java:25)
... Removed 24 stack frames]]>
    </failure>
  </testcase> <!-- @BeforeTest setup -->
  <testcase name="@BeforeTest setup" time="0.0" classname="Amazon.QA.Testcase.CustomerServicepage">
    <skipped/>
  </testcase> <!-- @BeforeTest setup -->
  <testcase name="@BeforeTest openBrowser" time="0.0" classname="Amazon.QA.Testcase.Homepage">
    <skipped/>
  </testcase> <!-- @BeforeTest openBrowser -->
  <testcase name="@BeforeTest setup" time="0.0" classname="Amazon.QA.Testcase.Yororders_Page">
    <skipped/>
  </testcase> <!-- @BeforeTest setup -->
  <testcase name="@BeforeTest setup" time="0.0" classname="Amazon.QA.Testcase.YourList_page">
    <skipped/>
  </testcase> <!-- @BeforeTest setup -->
  <testcase name="@BeforeTest setup" time="0.0" classname="Amazon.QA.Testcase.category_page">
    <skipped/>
  </testcase> <!-- @BeforeTest setup -->
  <testcase name="@BeforeTest opening_application" time="0.0" classname="Amazon.QA.Testcase.loginfuction">
    <skipped/>
  </testcase> <!-- @BeforeTest opening_application -->
  <testcase name="@BeforeTest lancheBrowser" time="0.0" classname="Amazon.QA.Testcase.sellpage">
    <skipped/>
  </testcase> <!-- @BeforeTest lancheBrowser -->
  <testcase name="@BeforeTest setup" time="0.0" classname="Amazon.QA.Testcase.yourPrime">
    <skipped/>
  </testcase> <!-- @BeforeTest setup -->
  <testcase name="@BeforeTest lanchApplication" time="0.0" classname="Amazon.QA.Testcase.yoursAmezanIN">
    <skipped/>
  </testcase> <!-- @BeforeTest lanchApplication -->
  <testcase name="@BeforeMethod opening_application" time="0.0" classname="Amazon.QA.Testcase.Todaydeals">
    <skipped/>
  </testcase> <!-- @BeforeMethod opening_application -->
  <testcase name="@AfterMethod close" time="0.0" classname="Amazon.QA.Testcase.Todaydeals">
    <skipped/>
  </testcase> <!-- @AfterMethod close -->
  <testcase name="@BeforeClass openbrowser" time="0.0" classname="Amazon.QA.Testcase.AmazonpayTest">
    <skipped/>
  </testcase> <!-- @BeforeClass openbrowser -->
  <testcase name="@BeforeMethod setupapplication" time="0.0" classname="Amazon.QA.Testcase.AmazonpayTest">
    <skipped/>
  </testcase> <!-- @BeforeMethod setupapplication -->
  <testcase name="@BeforeClass openBrowser" time="0.0" classname="Amazon.QA.Testcase.YourList_page">
    <skipped/>
  </testcase> <!-- @BeforeClass openBrowser -->
  <testcase name="@AfterClass close" time="0.0" classname="Amazon.QA.Testcase.YourList_page">
    <skipped/>
  </testcase> <!-- @AfterClass close -->
  <testcase name="@AfterClass closebrowser" time="0.0" classname="Amazon.QA.Testcase.Homepage">
    <skipped/>
  </testcase> <!-- @AfterClass closebrowser -->
  <testcase name="@BeforeClass openBrowser" time="0.0" classname="Amazon.QA.Testcase.CustomerServicepage">
    <skipped/>
  </testcase> <!-- @BeforeClass openBrowser -->
  <testcase name="@BeforeClass openBrowser" time="0.0" classname="Amazon.QA.Testcase.Yororders_Page">
    <skipped/>
  </testcase> <!-- @BeforeClass openBrowser -->
  <testcase name="@AfterClass close" time="0.0" classname="Amazon.QA.Testcase.Yororders_Page">
    <skipped/>
  </testcase> <!-- @AfterClass close -->
  <testcase name="@BeforeClass openBrowser" time="0.0" classname="Amazon.QA.Testcase.yourPrime">
    <skipped/>
  </testcase> <!-- @BeforeClass openBrowser -->
  <testcase name="@AfterClass close" time="0.0" classname="Amazon.QA.Testcase.yourPrime">
    <skipped/>
  </testcase> <!-- @AfterClass close -->
  <testcase name="@BeforeClass openBrowser" time="0.0" classname="Amazon.QA.Testcase.Card_page_Functions">
    <skipped/>
  </testcase> <!-- @BeforeClass openBrowser -->
  <testcase name="@AfterClass close" time="0.0" classname="Amazon.QA.Testcase.Card_page_Functions">
    <skipped/>
  </testcase> <!-- @AfterClass close -->
  <testcase name="@AfterClass closebrowser" time="0.0" classname="Amazon.QA.Testcase.Card_page_Functions">
    <skipped/>
  </testcase> <!-- @AfterClass closebrowser -->
  <testcase name="@BeforeMethod setup" time="0.0" classname="Amazon.QA.Testcase.sellpage">
    <skipped/>
  </testcase> <!-- @BeforeMethod setup -->
  <testcase name="@AfterTest afterTest" time="0.0" classname="Amazon.QA.Testcase.AmazonpayTest">
    <skipped/>
  </testcase> <!-- @AfterTest afterTest -->
  <testcase name="@AfterTest closetheBrowser" time="0.0" classname="Amazon.QA.Testcase.category_page">
    <skipped/>
  </testcase> <!-- @AfterTest closetheBrowser -->
  <testcase name="@AfterTest close_application" time="0.0" classname="Amazon.QA.Testcase.loginfuction">
    <skipped/>
  </testcase> <!-- @AfterTest close_application -->
  <testcase name="@AfterTest close" time="0.0" classname="Amazon.QA.Testcase.sellpage">
    <skipped/>
  </testcase> <!-- @AfterTest close -->
  <testcase name="@AfterTest closeBrowser" time="0.0" classname="Amazon.QA.Testcase.yoursAmezanIN">
    <skipped/>
  </testcase> <!-- @AfterTest closeBrowser -->
  <testcase name="shopCategroy_TitleVerification" time="0.0" classname="Amazon.QA.Testcase.category_page">
    <skipped/>
  </testcase> <!-- shopCategroy_TitleVerification -->
  <testcase name="product_addtocart_buynow_Function_verificcation" time="0.0" classname="Amazon.QA.Testcase.category_page">
    <skipped/>
  </testcase> <!-- product_addtocart_buynow_Function_verificcation -->
  <testcase name="Todayscategory" time="0.0" classname="Amazon.QA.Testcase.Todaydeals">
    <skipped/>
  </testcase> <!-- Todayscategory -->
  <testcase name="Amazonpayfunction" time="0.0" classname="Amazon.QA.Testcase.AmazonpayTest">
    <skipped/>
  </testcase> <!-- Amazonpayfunction -->
  <testcase name="FriendsWishList" time="0.0" classname="Amazon.QA.Testcase.YourList_page">
    <skipped/>
  </testcase> <!-- FriendsWishList -->
  <testcase name="createWishList" time="0.0" classname="Amazon.QA.Testcase.YourList_page">
    <skipped/>
  </testcase> <!-- createWishList -->
  <testcase name="product_addtocart" time="0.0" classname="Amazon.QA.Testcase.yoursAmezanIN">
    <skipped/>
  </testcase> <!-- product_addtocart -->
  <testcase name="verify_Homepage" time="0.0" classname="Amazon.QA.Testcase.Homepage">
    <skipped/>
  </testcase> <!-- verify_Homepage -->
  <testcase name="verify_Homepage_HeaderLink_options" time="0.0" classname="Amazon.QA.Testcase.Homepage">
    <skipped/>
  </testcase> <!-- verify_Homepage_HeaderLink_options -->
  <testcase name="accoundsettingpage" time="0.0" classname="Amazon.QA.Testcase.CustomerServicepage">
    <skipped/>
  </testcase> <!-- accoundsettingpage -->
  <testcase name="managAddresspage" time="0.0" classname="Amazon.QA.Testcase.CustomerServicepage">
    <skipped/>
  </testcase> <!-- managAddresspage -->
  <testcase name="manageprimepage" time="0.0" classname="Amazon.QA.Testcase.CustomerServicepage">
    <skipped/>
  </testcase> <!-- manageprimepage -->
  <testcase name="paymentsetting" time="0.0" classname="Amazon.QA.Testcase.CustomerServicepage">
    <skipped/>
  </testcase> <!-- paymentsetting -->
  <testcase name="return_and_refund" time="0.0" classname="Amazon.QA.Testcase.CustomerServicepage">
    <skipped/>
  </testcase> <!-- return_and_refund -->
  <testcase name="yourorderpage" time="0.0" classname="Amazon.QA.Testcase.CustomerServicepage">
    <skipped/>
  </testcase> <!-- yourorderpage -->
  <testcase name="Tocheck_AddcoardFunction" time="0.0" classname="Amazon.QA.Testcase.Yororders_Page">
    <skipped/>
  </testcase> <!-- Tocheck_AddcoardFunction -->
  <testcase name="Tocheck_Amazonpay" time="0.0" classname="Amazon.QA.Testcase.Yororders_Page">
    <skipped/>
  </testcase> <!-- Tocheck_Amazonpay -->
  <testcase name="Tocheck_loginandsecurity" time="0.0" classname="Amazon.QA.Testcase.Yororders_Page">
    <skipped/>
  </testcase> <!-- Tocheck_loginandsecurity -->
  <testcase name="Tocheck_paymentoption" time="0.0" classname="Amazon.QA.Testcase.Yororders_Page">
    <skipped/>
  </testcase> <!-- Tocheck_paymentoption -->
  <testcase name="Tocheck_prime" time="0.0" classname="Amazon.QA.Testcase.Yororders_Page">
    <skipped/>
  </testcase> <!-- Tocheck_prime -->
  <testcase name="Tocheck_yourAddress" time="0.0" classname="Amazon.QA.Testcase.Yororders_Page">
    <skipped/>
  </testcase> <!-- Tocheck_yourAddress -->
  <testcase name="Tocheckyourorders" time="0.0" classname="Amazon.QA.Testcase.Yororders_Page">
    <skipped/>
  </testcase> <!-- Tocheckyourorders -->
  <testcase name="FreePrime" time="0.0" classname="Amazon.QA.Testcase.yourPrime">
    <skipped/>
  </testcase> <!-- FreePrime -->
  <testcase name="oneYearprime" time="0.0" classname="Amazon.QA.Testcase.yourPrime">
    <skipped/>
  </testcase> <!-- oneYearprime -->
  <testcase name="checkAddcoardcheckout_andDelete_product" time="0.0" classname="Amazon.QA.Testcase.Card_page_Functions">
    <skipped/>
  </testcase> <!-- checkAddcoardcheckout_andDelete_product -->
  <testcase name="checkcardCount" time="0.0" classname="Amazon.QA.Testcase.Card_page_Functions">
    <skipped/>
  </testcase> <!-- checkcardCount -->
  <testcase name="sellpagefunction" time="0.0" classname="Amazon.QA.Testcase.sellpage">
    <skipped/>
  </testcase> <!-- sellpagefunction -->
  <testcase name="Needhelp_options" time="0.0" classname="Amazon.QA.Testcase.loginfuction">
    <ignored/>
  </testcase> <!-- Needhelp_options -->
  <testcase name="verifyotherissueFunction" time="0.0" classname="Amazon.QA.Testcase.loginfuction">
    <ignored/>
  </testcase> <!-- verifyotherissueFunction -->
</testsuite> <!-- Test -->
